Arguments: 
  /Users/zhanzhifang/.nvm/versions/node/v8.9.4/bin/node /usr/local/Cellar/yarn/1.12.3/libexec/bin/yarn.js add eslint --dev

PATH: 
  /Users/zhanzhifang/.nvm/versions/node/v8.9.4/bin:/usr/local/bin:/usr/bin:/bin:/usr/sbin:/sbin

Yarn version: 
  1.12.3

Node version: 
  8.9.4

Platform: 
  darwin x64

Trace: 
  Error: getaddrinfo ENOTFOUND npm.xiaopeng.local npm.xiaopeng.local:7001
      at errnoException (dns.js:50:10)
      at GetAddrInfoReqWrap.onlookup [as oncomplete] (dns.js:92:26)

npm manifest: 
  {
    "name": "zf-script",
    "version": "1.0.0",
    "description": "useful script",
    "bin": {
      "zf": "bin/index.js"
    },
    "main": "index.js",
    "scripts": {
      "test": "echo \"Error: no test specified\" && exit 1"
    },
    "repository": {
      "type": "git",
      "url": "git+https://github.com/ZhanYishu/zf-script.git"
    },
    "keywords": [
      "node",
      "script"
    ],
    "author": "Zhifang Z",
    "license": "ISC",
    "bugs": {
      "url": "https://github.com/ZhanYishu/zf-script/issues"
    },
    "homepage": "https://github.com/ZhanYishu/zf-script#readme"
  }

yarn manifest: 
  No manifest

Lockfile: 
  No lockfile
